Traceback (most recent call last):
  File "C:\Users\37359\AppData\Local\Programs\Python\Python310\lib\site-packages\jupyter_cache\executors\utils.py", line 58, in single_nb_execution
    executenb(
  File "C:\Users\37359\AppData\Local\Programs\Python\Python310\lib\site-packages\nbclient\client.py", line 1305, in execute
    return NotebookClient(nb=nb, resources=resources, km=km, **kwargs).execute()
  File "C:\Users\37359\AppData\Local\Programs\Python\Python310\lib\site-packages\jupyter_core\utils\__init__.py", line 173, in wrapped
    return loop.run_until_complete(inner)
  File "C:\Users\37359\AppData\Local\Programs\Python\Python310\lib\asyncio\base_events.py", line 649, in run_until_complete
    return future.result()
  File "C:\Users\37359\AppData\Local\Programs\Python\Python310\lib\site-packages\nbclient\client.py", line 705, in async_execute
    await self.async_execute_cell(
  File "C:\Users\37359\AppData\Local\Programs\Python\Python310\lib\site-packages\nbclient\client.py", line 1058, in async_execute_cell
    await self._check_raise_for_error(cell, cell_index, exec_reply)
  File "C:\Users\37359\AppData\Local\Programs\Python\Python310\lib\site-packages\nbclient\client.py", line 914, in _check_raise_for_error
    raise CellExecutionError.from_cell_and_msg(cell, exec_reply_content)
nbclient.exceptions.CellExecutionError: An error occurred while executing the following cell:
------------------
import plotly.express as px
data = px.data.iris()
data.head()

import altair as alt
alt.Chart(data=data).mark_point().encode(
    x="sepal_width",
    y="sepal_length",
    color="species",
    size='sepal_length'
)
------------------


[1;31m---------------------------------------------------------------------------[0m
[1;31mModuleNotFoundError[0m                       Traceback (most recent call last)
Cell [1;32mIn[2], line 5[0m
[0;32m      2[0m data [38;5;241m=[39m px[38;5;241m.[39mdata[38;5;241m.[39miris()
[0;32m      3[0m data[38;5;241m.[39mhead()
[1;32m----> 5[0m [38;5;28;01mimport[39;00m [38;5;21;01maltair[39;00m [38;5;28;01mas[39;00m [38;5;21;01malt[39;00m
[0;32m      6[0m alt[38;5;241m.[39mChart(data[38;5;241m=[39mdata)[38;5;241m.[39mmark_point()[38;5;241m.[39mencode(
[0;32m      7[0m     x[38;5;241m=[39m[38;5;124m"[39m[38;5;124msepal_width[39m[38;5;124m"[39m,
[0;32m      8[0m     y[38;5;241m=[39m[38;5;124m"[39m[38;5;124msepal_length[39m[38;5;124m"[39m,
[0;32m      9[0m     color[38;5;241m=[39m[38;5;124m"[39m[38;5;124mspecies[39m[38;5;124m"[39m,
[0;32m     10[0m     size[38;5;241m=[39m[38;5;124m'[39m[38;5;124msepal_length[39m[38;5;124m'[39m
[0;32m     11[0m )

File [1;32m~\AppData\Roaming\Python\Python310\site-packages\altair\__init__.py:620[0m
[0;32m    616[0m [38;5;28;01mdef[39;00m [38;5;21m__dir__[39m():
[0;32m    617[0m     [38;5;28;01mreturn[39;00m __all__
[1;32m--> 620[0m [38;5;28;01mfrom[39;00m [38;5;21;01m.[39;00m[38;5;21;01mvegalite[39;00m [38;5;28;01mimport[39;00m [38;5;241m*[39m
[0;32m    621[0m [38;5;28;01mfrom[39;00m [38;5;21;01m.[39;00m[38;5;21;01mjupyter[39;00m [38;5;28;01mimport[39;00m JupyterChart
[0;32m    624[0m [38;5;28;01mdef[39;00m [38;5;21mload_ipython_extension[39m(ipython):

File [1;32m~\AppData\Roaming\Python\Python310\site-packages\altair\vegalite\__init__.py:2[0m
[0;32m      1[0m [38;5;66;03m# ruff: noqa[39;00m
[1;32m----> 2[0m [38;5;28;01mfrom[39;00m [38;5;21;01m.[39;00m[38;5;21;01mv5[39;00m [38;5;28;01mimport[39;00m [38;5;241m*[39m

File [1;32m~\AppData\Roaming\Python\Python310\site-packages\altair\vegalite\v5\__init__.py:2[0m
[0;32m      1[0m [38;5;66;03m# ruff: noqa[39;00m
[1;32m----> 2[0m [38;5;28;01mfrom[39;00m [38;5;21;01m.[39;00m[38;5;21;01mschema[39;00m [38;5;28;01mimport[39;00m [38;5;241m*[39m
[0;32m      3[0m [38;5;28;01mfrom[39;00m [38;5;21;01m.[39;00m[38;5;21;01mapi[39;00m [38;5;28;01mimport[39;00m [38;5;241m*[39m
[0;32m      5[0m [38;5;28;01mfrom[39;00m [38;5;21;01m.[39;00m[38;5;21;01m.[39;00m[38;5;21;01m.[39;00m[38;5;21;01mexpr[39;00m [38;5;28;01mimport[39;00m datum, expr  [38;5;66;03m# type: ignore[no-redef][39;00m

File [1;32m~\AppData\Roaming\Python\Python310\site-packages\altair\vegalite\v5\schema\__init__.py:3[0m
[0;32m      1[0m [38;5;66;03m# ruff: noqa[39;00m
[1;32m----> 3[0m [38;5;28;01mfrom[39;00m [38;5;21;01m.[39;00m[38;5;21;01mcore[39;00m [38;5;28;01mimport[39;00m [38;5;241m*[39m
[0;32m      4[0m [38;5;28;01mfrom[39;00m [38;5;21;01m.[39;00m[38;5;21;01mchannels[39;00m [38;5;28;01mimport[39;00m [38;5;241m*[39m  [38;5;66;03m# type: ignore[assignment][39;00m
[0;32m      6[0m SCHEMA_VERSION [38;5;241m=[39m [38;5;124m"[39m[38;5;124mv5.16.3[39m[38;5;124m"[39m

File [1;32m~\AppData\Roaming\Python\Python310\site-packages\altair\vegalite\v5\schema\core.py:7[0m
[0;32m      5[0m [38;5;28;01mfrom[39;00m [38;5;21;01mtyping[39;00m [38;5;28;01mimport[39;00m Dict [38;5;28;01mas[39;00m TypingDict
[0;32m      6[0m [38;5;28;01mfrom[39;00m [38;5;21;01mtyping[39;00m [38;5;28;01mimport[39;00m Generator [38;5;28;01mas[39;00m TypingGenerator
[1;32m----> 7[0m [38;5;28;01mfrom[39;00m [38;5;21;01maltair[39;00m[38;5;21;01m.[39;00m[38;5;21;01mutils[39;00m[38;5;21;01m.[39;00m[38;5;21;01mschemapi[39;00m [38;5;28;01mimport[39;00m SchemaBase, Undefined, UndefinedType, _subclasses
[0;32m      9[0m [38;5;28;01mimport[39;00m [38;5;21;01mpkgutil[39;00m
[0;32m     10[0m [38;5;28;01mimport[39;00m [38;5;21;01mjson[39;00m

File [1;32m~\AppData\Roaming\Python\Python310\site-packages\altair\utils\__init__.py:12[0m
[0;32m      1[0m [38;5;28;01mfrom[39;00m [38;5;21;01m.[39;00m[38;5;21;01mcore[39;00m [38;5;28;01mimport[39;00m (
[0;32m      2[0m     infer_vegalite_type,
[0;32m      3[0m     infer_encoding_types,
[1;32m   (...)[0m
[0;32m      9[0m     SchemaBase,
[0;32m     10[0m )
[0;32m     11[0m [38;5;28;01mfrom[39;00m [38;5;21;01m.[39;00m[38;5;21;01mhtml[39;00m [38;5;28;01mimport[39;00m spec_to_html
[1;32m---> 12[0m [38;5;28;01mfrom[39;00m [38;5;21;01m.[39;00m[38;5;21;01mplugin_registry[39;00m [38;5;28;01mimport[39;00m PluginRegistry
[0;32m     13[0m [38;5;28;01mfrom[39;00m [38;5;21;01m.[39;00m[38;5;21;01mdeprecation[39;00m [38;5;28;01mimport[39;00m AltairDeprecationWarning
[0;32m     14[0m [38;5;28;01mfrom[39;00m [38;5;21;01m.[39;00m[38;5;21;01mschemapi[39;00m [38;5;28;01mimport[39;00m Undefined

File [1;32m~\AppData\Roaming\Python\Python310\site-packages\altair\utils\plugin_registry.py:6[0m
[0;32m      2[0m [38;5;28;01mfrom[39;00m [38;5;21;01mtypes[39;00m [38;5;28;01mimport[39;00m TracebackType
[0;32m      4[0m [38;5;28;01mfrom[39;00m [38;5;21;01mimportlib[39;00m[38;5;21;01m.[39;00m[38;5;21;01mmetadata[39;00m [38;5;28;01mimport[39;00m entry_points
[1;32m----> 6[0m [38;5;28;01mfrom[39;00m [38;5;21;01mtoolz[39;00m [38;5;28;01mimport[39;00m curry
[0;32m      9[0m PluginType [38;5;241m=[39m TypeVar([38;5;124m"[39m[38;5;124mPluginType[39m[38;5;124m"[39m)
[0;32m     12[0m [38;5;28;01mclass[39;00m [38;5;21;01mNoSuchEntryPoint[39;00m([38;5;167;01mException[39;00m):

[1;31mModuleNotFoundError[0m: No module named 'toolz'

